<?xml version="1.0" encoding="UTF-8"?>
<testsuite name="io.pivotal.gemfire.toolsmiths.hydradb.HydraRunTest" tests="2" skipped="0" failures="0" errors="0" timestamp="2017-11-22T17:40:48" hostname="callisto" time="1.111">
  <properties/>
  <testcase name="canFetchRun1200" classname="io.pivotal.gemfire.toolsmiths.hydradb.HydraRunTest" time="0.192"/>
  <testcase name="canCreateHydraRun" classname="io.pivotal.gemfire.toolsmiths.hydradb.HydraRunTest" time="0.16"/>
  <system-out><![CDATA[2017-11-22 09:40:47.907  INFO 456 --- [    Test worker] .b.t.c.SpringBootTestContextBootstrapper : Neither @ContextConfiguration nor @ContextHierarchy found for test class [io.pivotal.gemfire.toolsmiths.hydradb.HydraRunTest], using SpringBootContextLoader
2017-11-22 09:40:47.908  INFO 456 --- [    Test worker] o.s.t.c.support.AbstractContextLoader    : Could not detect default resource locations for test class [io.pivotal.gemfire.toolsmiths.hydradb.HydraRunTest]: no resource found for suffixes {-context.xml, Context.groovy}.
2017-11-22 09:40:47.908  INFO 456 --- [    Test worker] t.c.s.AnnotationConfigContextLoaderUtils : Could not detect default configuration classes for test class [io.pivotal.gemfire.toolsmiths.hydradb.HydraRunTest]: HydraRunTest does not declare any static, non-private, non-final, nested classes annotated with @Configuration.
2017-11-22 09:40:47.910  INFO 456 --- [    Test worker] .b.t.c.SpringBootTestContextBootstrapper : Found @SpringBootConfiguration io.pivotal.gemfire.toolsmiths.hydradb.Main for test class io.pivotal.gemfire.toolsmiths.hydradb.HydraRunTest
2017-11-22 09:40:47.911  INFO 456 --- [    Test worker] .b.t.c.SpringBootTestContextBootstrapper : Using TestExecutionListeners: [org.springframework.test.context.support.DependencyInjectionTestExecutionListener@ef631ef, org.springframework.test.context.support.DirtiesContextTestExecutionListener@1edfff3d, com.github.springtestdbunit.DbUnitTestExecutionListener@33653b9e]

  .   ____          _            __ _ _
 /\\ / ___'_ __ _ _(_)_ __  __ _ \ \ \ \
( ( )\___ | '_ | '_| | '_ \/ _` | \ \ \ \
 \\/  ___)| |_)| | | | | || (_| |  ) ) ) )
  '  |____| .__|_| |_|_| |_\__, | / / / /
 =========|_|==============|___/=/_/_/_/
 :: Spring Boot ::        (v1.5.8.RELEASE)

2017-11-22 09:40:47.936  INFO 456 --- [    Test worker] i.p.g.toolsmiths.hydradb.HydraRunTest    : Starting HydraRunTest on callisto with PID 456 (started by pivotal in /Users/pivotal/workspace/hydradbREST)
2017-11-22 09:40:47.937  INFO 456 --- [    Test worker] i.p.g.toolsmiths.hydradb.HydraRunTest    : No active profile set, falling back to default profiles: default
2017-11-22 09:40:47.938  INFO 456 --- [    Test worker] ationConfigEmbeddedWebApplicationContext : Refreshing org.springframework.boot.context.embedded.AnnotationConfigEmbeddedWebApplicationContext@571c806: startup date [Wed Nov 22 09:40:47 PST 2017]; root of context hierarchy
2017-11-22 09:40:48.213  INFO 456 --- [    Test worker] s.b.c.e.t.TomcatEmbeddedServletContainer : Tomcat initialized with port(s): 0 (http)
2017-11-22 09:40:48.213  INFO 456 --- [    Test worker] o.apache.catalina.core.StandardService   : Starting service [Tomcat]
2017-11-22 09:40:48.214  INFO 456 --- [    Test worker] org.apache.catalina.core.StandardEngine  : Starting Servlet Engine: Apache Tomcat/8.5.23
2017-11-22 09:40:48.220  INFO 456 --- [ost-startStop-1] o.a.c.c.C.[Tomcat].[localhost].[/]       : Initializing Spring embedded WebApplicationContext
2017-11-22 09:40:48.220  INFO 456 --- [ost-startStop-1] o.s.web.context.ContextLoader            : Root WebApplicationContext: initialization completed in 282 ms
2017-11-22 09:40:48.262  INFO 456 --- [ost-startStop-1] o.s.b.w.servlet.ServletRegistrationBean  : Mapping servlet: 'dispatcherServlet' to [/]
2017-11-22 09:40:48.262  INFO 456 --- [ost-startStop-1] o.s.b.w.servlet.FilterRegistrationBean   : Mapping filter: 'characterEncodingFilter' to: [/*]
2017-11-22 09:40:48.376  INFO 456 --- [    Test worker] j.LocalContainerEntityManagerFactoryBean : Building JPA container EntityManagerFactory for persistence unit 'default'
2017-11-22 09:40:48.376  INFO 456 --- [    Test worker] o.hibernate.jpa.internal.util.LogHelper  : HHH000204: Processing PersistenceUnitInfo [
	name: default
	...]
2017-11-22 09:40:48.379  INFO 456 --- [    Test worker] org.hibernate.dialect.Dialect            : HHH000400: Using dialect: org.hibernate.dialect.HSQLDialect
2017-11-22 09:40:48.410  INFO 456 --- [    Test worker] org.hibernate.tool.hbm2ddl.SchemaExport  : HHH000227: Running hbm2ddl schema export
Hibernate: drop table host if exists
Hibernate: drop table hydra_run if exists
Hibernate: drop table hydra_test if exists
Hibernate: drop table hydra_test_detail if exists
Hibernate: drop table hydra_testsuite if exists
Hibernate: drop table hydra_testsuite_detail if exists
Hibernate: create table host (id integer generated by default as identity (start with 1), name varchar(255), os_info varchar(255), os_type varchar(255), primary key (id))
Hibernate: create table hydra_run (id integer generated by default as identity (start with 1), build_id varchar(255), build_location varchar(255), comments varchar(255), date DATE DEFAULT CURRENT_TIMESTAMP, full_regression boolean, java_home varchar(255), java_vendor varchar(255), java_version varchar(255), product_version varchar(255), regression_type integer, svn_repository varchar(255), svn_revision varchar(255), user_name varchar(255), primary key (id))
Hibernate: create table hydra_test (id integer not null, conf varchar(255), full_test_spec varchar(255), hydra_testsuite varbinary(255), hydra_testsuite_id integer, primary key (id))
Hibernate: create table hydra_test_detail (id integer not null, bug_number varchar(255), comment varchar(255), disk_usage varchar(255), elapsed_time varchar(255), error varchar(255), hydra_run varbinary(255), hydra_run_id integer, hydra_test varbinary(255), hydra_test_id integer, hydra_testsuite_detail varbinary(255), hydra_testsuite_detail_id integer, status varchar(255), tags varchar(255), primary key (id))
Hibernate: create table hydra_testsuite (id integer not null, name varchar(255), primary key (id))
Hibernate: create table hydra_testsuite_detail (id integer not null, artifact_location varchar(255), comment varchar(255), date timestamp, disk_usage varchar(255), elapsed_time varchar(255), failcount integer, hangcount integer, host varbinary(255), host_id integer, hydra_run varbinary(255), hydra_run_id integer, hydra_testsuite varbinary(255), hydra_testsuite_id integer, local_conf varchar(255), passcount integer, primary key (id))
2017-11-22 09:40:48.413  INFO 456 --- [    Test worker] org.hibernate.tool.hbm2ddl.SchemaExport  : HHH000230: Schema export complete
2017-11-22 09:40:48.416  INFO 456 --- [    Test worker] j.LocalContainerEntityManagerFactoryBean : Initialized JPA EntityManagerFactory for persistence unit 'default'
2017-11-22 09:40:48.497  INFO 456 --- [    Test worker] o.h.h.i.QueryTranslatorFactoryInitiator  : HHH000397: Using ASTQueryTranslatorFactory
2017-11-22 09:40:48.595  INFO 456 --- [    Test worker] s.w.s.m.m.a.RequestMappingHandlerMapping : Mapped "{[/host],methods=[GET],params=[name]}" onto private java.util.List<io.pivotal.gemfire.toolsmiths.hydradb.data.hydra.Host> io.pivotal.gemfire.toolsmiths.hydradb.HostEndpoint.getHost(java.lang.String)
2017-11-22 09:40:48.595  INFO 456 --- [    Test worker] s.w.s.m.m.a.RequestMappingHandlerMapping : Mapped "{[/host],methods=[GET],params=[id]}" onto private io.pivotal.gemfire.toolsmiths.hydradb.data.hydra.Host io.pivotal.gemfire.toolsmiths.hydradb.HostEndpoint.getHost(java.lang.Integer)
2017-11-22 09:40:48.599  INFO 456 --- [    Test worker] s.w.s.m.m.a.RequestMappingHandlerMapping : Mapped "{[/HydraDB/Host/create],methods=[GET],params=[name && osType && osInfo],produces=[application/json]}" onto public io.pivotal.gemfire.toolsmiths.hydradb.data.hydra.Host io.pivotal.gemfire.toolsmiths.hydradb.HydraDBServiceEndpoint.createHost(java.lang.String,java.lang.String,java.lang.String)
2017-11-22 09:40:48.600  INFO 456 --- [    Test worker] s.w.s.m.m.a.RequestMappingHandlerMapping : Mapped "{[/HydraDB/Host/getById],methods=[GET],params=[id],produces=[application/json]}" onto public org.springframework.http.ResponseEntity<io.pivotal.gemfire.toolsmiths.hydradb.data.hydra.Host> io.pivotal.gemfire.toolsmiths.hydradb.HydraDBServiceEndpoint.getHostById(java.lang.Integer)
2017-11-22 09:40:48.600  INFO 456 --- [    Test worker] s.w.s.m.m.a.RequestMappingHandlerMapping : Mapped "{[/HydraDB/Host/getByName],methods=[GET],params=[name],produces=[application/json]}" onto public java.util.List<io.pivotal.gemfire.toolsmiths.hydradb.data.hydra.Host> io.pivotal.gemfire.toolsmiths.hydradb.HydraDBServiceEndpoint.getHostByName(java.lang.String)
2017-11-22 09:40:48.600  INFO 456 --- [    Test worker] s.w.s.m.m.a.RequestMappingHandlerMapping : Mapped "{[/HydraDB/Host/max],methods=[GET],produces=[application/json]}" onto public java.lang.Integer io.pivotal.gemfire.toolsmiths.hydradb.HydraDBServiceEndpoint.maxHostId()
2017-11-22 09:40:48.600  INFO 456 --- [    Test worker] s.w.s.m.m.a.RequestMappingHandlerMapping : Mapped "{[/HydraDB/HydraRun/max],methods=[GET],produces=[application/json]}" onto public java.lang.Integer io.pivotal.gemfire.toolsmiths.hydradb.HydraDBServiceEndpoint.maxHydraRunId()
2017-11-22 09:40:48.600  INFO 456 --- [    Test worker] s.w.s.m.m.a.RequestMappingHandlerMapping : Mapped "{[/HydraDB/HydraRun/getById],methods=[GET],params=[id],produces=[application/json]}" onto public io.pivotal.gemfire.toolsmiths.hydradb.data.hydra.HydraRun io.pivotal.gemfire.toolsmiths.hydradb.HydraDBServiceEndpoint.getHydraRunById(java.lang.Integer)
2017-11-22 09:40:48.600  INFO 456 --- [    Test worker] s.w.s.m.m.a.RequestMappingHandlerMapping : Mapped "{[/HydraDB/HydraRun/create],methods=[GET],params=[userName && productVersion && buildId && svnRepository && svnRevision && javaVersion && javaVendor && javaHome && fullRegression && regressionType && comments && buildLocation],produces=[application/json]}" onto public io.pivotal.gemfire.toolsmiths.hydradb.data.hydra.HydraRun io.pivotal.gemfire.toolsmiths.hydradb.HydraDBServiceEndpoint.createHydraRun(java.lang.String,java.lang.String,java.lang.String,java.lang.String,java.lang.String,java.lang.String,java.lang.String,java.lang.String,java.lang.Boolean,java.lang.Integer,java.lang.String,java.lang.String)
2017-11-22 09:40:48.601  INFO 456 --- [    Test worker] s.w.s.m.m.a.RequestMappingHandlerMapping : Mapped "{[/HydraDB/HydraRun/getSet],methods=[GET],params=[list && gemfireVersion && jdk && jdkVendor && svnRevision && branch && buildUser],produces=[application/json]}" onto public java.util.Map<java.lang.Integer, io.pivotal.gemfire.toolsmiths.hydradb.data.hydra.HydraRun> io.pivotal.gemfire.toolsmiths.hydradb.HydraDBServiceEndpoint.getHydraRunSet(java.util.List<java.lang.Integer>,java.lang.String,java.lang.String,java.lang.String,int,java.lang.String,java.lang.String)
2017-11-22 09:40:48.601  INFO 456 --- [    Test worker] s.w.s.m.m.a.RequestMappingHandlerMapping : Mapped "{[/HydraDB/HydraTest/getById],methods=[GET],params=[hydraTestsuiteId],produces=[application/json]}" onto public io.pivotal.gemfire.toolsmiths.hydradb.data.hydra.HydraTest io.pivotal.gemfire.toolsmiths.hydradb.HydraDBServiceEndpoint.getHydraTestById(java.lang.Integer)
2017-11-22 09:40:48.601  INFO 456 --- [    Test worker] s.w.s.m.m.a.RequestMappingHandlerMapping : Mapped "{[/HydraDB/HydraTest/getId],methods=[GET],params=[fullTestSpec && hydraTestsuiteId],produces=[application/json]}" onto public java.lang.Integer io.pivotal.gemfire.toolsmiths.hydradb.HydraDBServiceEndpoint.getHydraTestId(java.lang.String,java.lang.Integer)
2017-11-22 09:40:48.601  INFO 456 --- [    Test worker] s.w.s.m.m.a.RequestMappingHandlerMapping : Mapped "{[/HydraDB/HydraTest/create],methods=[GET],params=[conf && fullTestSpec && hydraTestsuiteId],produces=[application/json]}" onto public java.lang.Integer io.pivotal.gemfire.toolsmiths.hydradb.HydraDBServiceEndpoint.createHydraTest(java.lang.String,java.lang.String,java.lang.Integer)
2017-11-22 09:40:48.601  INFO 456 --- [    Test worker] s.w.s.m.m.a.RequestMappingHandlerMapping : Mapped "{[/HydraDB/HydraTest/getByTestSpecAndTestsuiteId],methods=[GET],params=[conf && fullTestSpec && hydraTestsuiteId],produces=[application/json]}" onto public io.pivotal.gemfire.toolsmiths.hydradb.data.hydra.HydraTest io.pivotal.gemfire.toolsmiths.hydradb.HydraDBServiceEndpoint.getHydraTestByFullTestSpecAndHydraTestsuiteId(java.lang.String,java.lang.Integer)
2017-11-22 09:40:48.602  INFO 456 --- [    Test worker] s.w.s.m.m.a.RequestMappingHandlerMapping : Mapped "{[/HydraDB/HydraTestDetail/create],methods=[GET],params=[elapsedTime && diskStr && status && error && bugNumber && testId && testsuiteDetailId && runId && comment && tags],produces=[application/json]}" onto public io.pivotal.gemfire.toolsmiths.hydradb.data.hydra.HydraTestDetail io.pivotal.gemfire.toolsmiths.hydradb.HydraDBServiceEndpoint.createHydraTestDetail(java.lang.String,java.lang.String,java.lang.String,java.lang.String,java.lang.String,long,long,int,java.lang.String,java.lang.String)
2017-11-22 09:40:48.602  INFO 456 --- [    Test worker] s.w.s.m.m.a.RequestMappingHandlerMapping : Mapped "{[/HydraDB/HydraTestDetail/get],methods=[GET],params=[testId && testsuiteDetailId && runId],produces=[application/json]}" onto public io.pivotal.gemfire.toolsmiths.hydradb.data.hydra.HydraTestDetail io.pivotal.gemfire.toolsmiths.hydradb.HydraDBServiceEndpoint.getHydraTestDetail(long,long,int)
2017-11-22 09:40:48.602  INFO 456 --- [    Test worker] s.w.s.m.m.a.RequestMappingHandlerMapping : Mapped "{[/HydraDB/HydraTestsuite/getInfo],methods=[GET],params=[suiteId],produces=[application/json]}" onto public io.pivotal.gemfire.toolsmiths.hydradb.TestSuiteInfo io.pivotal.gemfire.toolsmiths.hydradb.HydraDBServiceEndpoint.getTestSuiteInfo(long)
2017-11-22 09:40:48.602  INFO 456 --- [    Test worker] s.w.s.m.m.a.RequestMappingHandlerMapping : Mapped "{[/HydraDB/HydraTestsuite/getInfoById],methods=[GET],params=[id],produces=[application/json]}" onto public io.pivotal.gemfire.toolsmiths.hydradb.IdAndName io.pivotal.gemfire.toolsmiths.hydradb.HydraDBServiceEndpoint.getHydraTestsuiteIdAndNameById(java.lang.Integer)
2017-11-22 09:40:48.602  INFO 456 --- [    Test worker] s.w.s.m.m.a.RequestMappingHandlerMapping : Mapped "{[/HydraDB/HydraTestsuite/getInfoByName],methods=[GET],params=[name],produces=[application/json]}" onto public io.pivotal.gemfire.toolsmiths.hydradb.IdAndName io.pivotal.gemfire.toolsmiths.hydradb.HydraDBServiceEndpoint.getHydraTestsuiteIdAndNameByName(java.lang.String)
2017-11-22 09:40:48.602  INFO 456 --- [    Test worker] s.w.s.m.m.a.RequestMappingHandlerMapping : Mapped "{[/HydraDB/HydraTestsuiteDetail/getById],methods=[GET],params=[hydraTestsuiteId],produces=[application/json]}" onto public io.pivotal.gemfire.toolsmiths.hydradb.data.hydra.HydraTestsuiteDetail io.pivotal.gemfire.toolsmiths.hydradb.HydraDBServiceEndpoint.getHydraTestsuiteDetailById(java.lang.Integer)
2017-11-22 09:40:48.602  INFO 456 --- [    Test worker] s.w.s.m.m.a.RequestMappingHandlerMapping : Mapped "{[/HydraDB/HydraTestsuiteDetail/get],methods=[GET],params=[hydraTestsuiteId && hydraRunId && hostId && date],produces=[application/json]}" onto public io.pivotal.gemfire.toolsmiths.hydradb.data.hydra.HydraTestsuiteDetail io.pivotal.gemfire.toolsmiths.hydradb.HydraDBServiceEndpoint.getHydraTestsuiteDetail(java.lang.Integer,java.lang.Integer,java.lang.Integer,java.util.Date)
2017-11-22 09:40:48.602  INFO 456 --- [    Test worker] s.w.s.m.m.a.RequestMappingHandlerMapping : Mapped "{[/HydraDB/HydraTestsuiteDetail/create],methods=[GET],params=[date && elapsedTime && diskUsage && localConf && hydraTestsuiteId && hydraRunId && hostId && comment && artifactLocation],produces=[application/json]}" onto public java.lang.Integer io.pivotal.gemfire.toolsmiths.hydradb.HydraDBServiceEndpoint.createHydraTestsuiteDetail(java.util.Date,java.lang.String,java.lang.String,java.lang.String,java.lang.Integer,java.lang.Integer,java.lang.Integer,java.lang.String,java.lang.String)
2017-11-22 09:40:48.603  INFO 456 --- [    Test worker] s.w.s.m.m.a.RequestMappingHandlerMapping : Mapped "{[/HydraDB/HydraTestsuiteDetail/create],methods=[GET],params=[id && hydraRunList],produces=[application/json]}" onto public io.pivotal.gemfire.toolsmiths.hydradb.HydraHistory io.pivotal.gemfire.toolsmiths.hydradb.HydraDBServiceEndpoint.getHydraHistoryForBatteryTest(int,java.util.Map<java.lang.Integer, io.pivotal.gemfire.toolsmiths.hydradb.data.hydra.HydraRun>)
2017-11-22 09:40:48.603  INFO 456 --- [    Test worker] s.w.s.m.m.a.RequestMappingHandlerMapping : Mapped "{[/HydraDB/sajtest],methods=[GET],produces=[application/json]}" onto private io.pivotal.gemfire.toolsmiths.hydradb.data.hydra.HydraRun io.pivotal.gemfire.toolsmiths.hydradb.HydraDBServiceEndpoint.doit(org.springframework.web.client.RestTemplate)
2017-11-22 09:40:48.604  INFO 456 --- [    Test worker] s.w.s.m.m.a.RequestMappingHandlerMapping : Mapped "{[/error]}" onto public org.springframework.http.ResponseEntity<java.util.Map<java.lang.String, java.lang.Object>> org.springframework.boot.autoconfigure.web.BasicErrorController.error(javax.servlet.http.HttpServletRequest)
2017-11-22 09:40:48.604  INFO 456 --- [    Test worker] s.w.s.m.m.a.RequestMappingHandlerMapping : Mapped "{[/error],produces=[text/html]}" onto public org.springframework.web.servlet.ModelAndView org.springframework.boot.autoconfigure.web.BasicErrorController.errorHtml(javax.servlet.http.HttpServletRequest,javax.servlet.http.HttpServletResponse)
2017-11-22 09:40:48.632  INFO 456 --- [    Test worker] s.w.s.m.m.a.RequestMappingHandlerAdapter : Looking for @ControllerAdvice: org.springframework.boot.context.embedded.AnnotationConfigEmbeddedWebApplicationContext@571c806: startup date [Wed Nov 22 09:40:47 PST 2017]; root of context hierarchy
2017-11-22 09:40:48.740  INFO 456 --- [    Test worker] s.b.c.e.t.TomcatEmbeddedServletContainer : Tomcat started on port(s): 53942 (http)
2017-11-22 09:40:48.741  INFO 456 --- [    Test worker] i.p.g.toolsmiths.hydradb.HydraRunTest    : Started HydraRunTest in 0.827 seconds (JVM running for 9.338)
2017-11-22 09:40:48.758  WARN 456 --- [    Test worker] o.dbunit.dataset.AbstractTableMetaData   : Potential problem found: The configured data type factory 'class org.dbunit.dataset.datatype.DefaultDataTypeFactory' might cause problems with the current database 'HSQL Database Engine' (e.g. some datatypes may not be supported properly). In rare cases you might see this message because the list of supported database products is incomplete (list=[derby]). If so please request a java-class update via the forums.If you are using your own IDataTypeFactory extending DefaultDataTypeFactory, ensure that you override getValidDbProducts() to specify the supported database products.
2017-11-22 09:40:48.767  INFO 456 --- [o-auto-4-exec-1] o.a.c.c.C.[Tomcat].[localhost].[/]       : Initializing Spring FrameworkServlet 'dispatcherServlet'
2017-11-22 09:40:48.768  INFO 456 --- [o-auto-4-exec-1] o.s.web.servlet.DispatcherServlet        : FrameworkServlet 'dispatcherServlet': initialization started
2017-11-22 09:40:48.776  INFO 456 --- [o-auto-4-exec-1] o.s.web.servlet.DispatcherServlet        : FrameworkServlet 'dispatcherServlet': initialization completed in 8 ms
Hibernate: select hydrarun0_.id as id1_1_, hydrarun0_.build_id as build_id2_1_, hydrarun0_.build_location as build_lo3_1_, hydrarun0_.comments as comments4_1_, hydrarun0_.date as date5_1_, hydrarun0_.full_regression as full_reg6_1_, hydrarun0_.java_home as java_hom7_1_, hydrarun0_.java_vendor as java_ven8_1_, hydrarun0_.java_version as java_ver9_1_, hydrarun0_.product_version as product10_1_, hydrarun0_.regression_type as regress11_1_, hydrarun0_.svn_repository as svn_rep12_1_, hydrarun0_.svn_revision as svn_rev13_1_, hydrarun0_.user_name as user_na14_1_ from hydra_run hydrarun0_ where hydrarun0_.id=?
2017-11-22 09:40:48.869  INFO 456 --- [    Test worker] ationConfigEmbeddedWebApplicationContext : Closing org.springframework.boot.context.embedded.AnnotationConfigEmbeddedWebApplicationContext@571c806: startup date [Wed Nov 22 09:40:47 PST 2017]; root of context hierarchy
2017-11-22 09:40:48.871  INFO 456 --- [    Test worker] j.LocalContainerEntityManagerFactoryBean : Closing JPA EntityManagerFactory for persistence unit 'default'
2017-11-22 09:40:48.871  INFO 456 --- [    Test worker] org.hibernate.tool.hbm2ddl.SchemaExport  : HHH000227: Running hbm2ddl schema export
Hibernate: drop table host if exists
Hibernate: drop table hydra_run if exists
Hibernate: drop table hydra_test if exists
Hibernate: drop table hydra_test_detail if exists
Hibernate: drop table hydra_testsuite if exists
Hibernate: drop table hydra_testsuite_detail if exists
2017-11-22 09:40:48.873  INFO 456 --- [    Test worker] org.hibernate.tool.hbm2ddl.SchemaExport  : HHH000230: Schema export complete

  .   ____          _            __ _ _
 /\\ / ___'_ __ _ _(_)_ __  __ _ \ \ \ \
( ( )\___ | '_ | '_| | '_ \/ _` | \ \ \ \
 \\/  ___)| |_)| | | | | || (_| |  ) ) ) )
  '  |____| .__|_| |_|_| |_\__, | / / / /
 =========|_|==============|___/=/_/_/_/
 :: Spring Boot ::        (v1.5.8.RELEASE)

2017-11-22 09:40:48.959  INFO 456 --- [    Test worker] i.p.g.toolsmiths.hydradb.HydraRunTest    : Starting HydraRunTest on callisto with PID 456 (started by pivotal in /Users/pivotal/workspace/hydradbREST)
2017-11-22 09:40:48.959  INFO 456 --- [    Test worker] i.p.g.toolsmiths.hydradb.HydraRunTest    : No active profile set, falling back to default profiles: default
2017-11-22 09:40:48.960  INFO 456 --- [    Test worker] ationConfigEmbeddedWebApplicationContext : Refreshing org.springframework.boot.context.embedded.AnnotationConfigEmbeddedWebApplicationContext@370da6e0: startup date [Wed Nov 22 09:40:48 PST 2017]; root of context hierarchy
2017-11-22 09:40:49.226  INFO 456 --- [    Test worker] s.b.c.e.t.TomcatEmbeddedServletContainer : Tomcat initialized with port(s): 0 (http)
2017-11-22 09:40:49.226  INFO 456 --- [    Test worker] o.apache.catalina.core.StandardService   : Starting service [Tomcat]
2017-11-22 09:40:49.227  INFO 456 --- [    Test worker] org.apache.catalina.core.StandardEngine  : Starting Servlet Engine: Apache Tomcat/8.5.23
2017-11-22 09:40:49.232  INFO 456 --- [ost-startStop-1] o.a.c.c.C.[Tomcat].[localhost].[/]       : Initializing Spring embedded WebApplicationContext
2017-11-22 09:40:49.232  INFO 456 --- [ost-startStop-1] o.s.web.context.ContextLoader            : Root WebApplicationContext: initialization completed in 272 ms
2017-11-22 09:40:49.267  INFO 456 --- [ost-startStop-1] o.s.b.w.servlet.ServletRegistrationBean  : Mapping servlet: 'dispatcherServlet' to [/]
2017-11-22 09:40:49.268  INFO 456 --- [ost-startStop-1] o.s.b.w.servlet.FilterRegistrationBean   : Mapping filter: 'characterEncodingFilter' to: [/*]
2017-11-22 09:40:49.364  INFO 456 --- [    Test worker] j.LocalContainerEntityManagerFactoryBean : Building JPA container EntityManagerFactory for persistence unit 'default'
2017-11-22 09:40:49.364  INFO 456 --- [    Test worker] o.hibernate.jpa.internal.util.LogHelper  : HHH000204: Processing PersistenceUnitInfo [
	name: default
	...]
2017-11-22 09:40:49.367  INFO 456 --- [    Test worker] org.hibernate.dialect.Dialect            : HHH000400: Using dialect: org.hibernate.dialect.HSQLDialect
2017-11-22 09:40:49.396  INFO 456 --- [    Test worker] org.hibernate.tool.hbm2ddl.SchemaExport  : HHH000227: Running hbm2ddl schema export
Hibernate: drop table host if exists
Hibernate: drop table hydra_run if exists
Hibernate: drop table hydra_test if exists
Hibernate: drop table hydra_test_detail if exists
Hibernate: drop table hydra_testsuite if exists
Hibernate: drop table hydra_testsuite_detail if exists
Hibernate: create table host (id integer generated by default as identity (start with 1), name varchar(255), os_info varchar(255), os_type varchar(255), primary key (id))
Hibernate: create table hydra_run (id integer generated by default as identity (start with 1), build_id varchar(255), build_location varchar(255), comments varchar(255), date DATE DEFAULT CURRENT_TIMESTAMP, full_regression boolean, java_home varchar(255), java_vendor varchar(255), java_version varchar(255), product_version varchar(255), regression_type integer, svn_repository varchar(255), svn_revision varchar(255), user_name varchar(255), primary key (id))
Hibernate: create table hydra_test (id integer not null, conf varchar(255), full_test_spec varchar(255), hydra_testsuite varbinary(255), hydra_testsuite_id integer, primary key (id))
Hibernate: create table hydra_test_detail (id integer not null, bug_number varchar(255), comment varchar(255), disk_usage varchar(255), elapsed_time varchar(255), error varchar(255), hydra_run varbinary(255), hydra_run_id integer, hydra_test varbinary(255), hydra_test_id integer, hydra_testsuite_detail varbinary(255), hydra_testsuite_detail_id integer, status varchar(255), tags varchar(255), primary key (id))
Hibernate: create table hydra_testsuite (id integer not null, name varchar(255), primary key (id))
Hibernate: create table hydra_testsuite_detail (id integer not null, artifact_location varchar(255), comment varchar(255), date timestamp, disk_usage varchar(255), elapsed_time varchar(255), failcount integer, hangcount integer, host varbinary(255), host_id integer, hydra_run varbinary(255), hydra_run_id integer, hydra_testsuite varbinary(255), hydra_testsuite_id integer, local_conf varchar(255), passcount integer, primary key (id))
2017-11-22 09:40:49.399  INFO 456 --- [    Test worker] org.hibernate.tool.hbm2ddl.SchemaExport  : HHH000230: Schema export complete
2017-11-22 09:40:49.401  INFO 456 --- [    Test worker] j.LocalContainerEntityManagerFactoryBean : Initialized JPA EntityManagerFactory for persistence unit 'default'
2017-11-22 09:40:49.481  INFO 456 --- [    Test worker] o.h.h.i.QueryTranslatorFactoryInitiator  : HHH000397: Using ASTQueryTranslatorFactory
2017-11-22 09:40:49.552  INFO 456 --- [    Test worker] s.w.s.m.m.a.RequestMappingHandlerMapping : Mapped "{[/host],methods=[GET],params=[name]}" onto private java.util.List<io.pivotal.gemfire.toolsmiths.hydradb.data.hydra.Host> io.pivotal.gemfire.toolsmiths.hydradb.HostEndpoint.getHost(java.lang.String)
2017-11-22 09:40:49.552  INFO 456 --- [    Test worker] s.w.s.m.m.a.RequestMappingHandlerMapping : Mapped "{[/host],methods=[GET],params=[id]}" onto private io.pivotal.gemfire.toolsmiths.hydradb.data.hydra.Host io.pivotal.gemfire.toolsmiths.hydradb.HostEndpoint.getHost(java.lang.Integer)
2017-11-22 09:40:49.558  INFO 456 --- [    Test worker] s.w.s.m.m.a.RequestMappingHandlerMapping : Mapped "{[/HydraDB/Host/create],methods=[GET],params=[name && osType && osInfo],produces=[application/json]}" onto public io.pivotal.gemfire.toolsmiths.hydradb.data.hydra.Host io.pivotal.gemfire.toolsmiths.hydradb.HydraDBServiceEndpoint.createHost(java.lang.String,java.lang.String,java.lang.String)
2017-11-22 09:40:49.558  INFO 456 --- [    Test worker] s.w.s.m.m.a.RequestMappingHandlerMapping : Mapped "{[/HydraDB/Host/getById],methods=[GET],params=[id],produces=[application/json]}" onto public org.springframework.http.ResponseEntity<io.pivotal.gemfire.toolsmiths.hydradb.data.hydra.Host> io.pivotal.gemfire.toolsmiths.hydradb.HydraDBServiceEndpoint.getHostById(java.lang.Integer)
2017-11-22 09:40:49.558  INFO 456 --- [    Test worker] s.w.s.m.m.a.RequestMappingHandlerMapping : Mapped "{[/HydraDB/Host/getByName],methods=[GET],params=[name],produces=[application/json]}" onto public java.util.List<io.pivotal.gemfire.toolsmiths.hydradb.data.hydra.Host> io.pivotal.gemfire.toolsmiths.hydradb.HydraDBServiceEndpoint.getHostByName(java.lang.String)
2017-11-22 09:40:49.558  INFO 456 --- [    Test worker] s.w.s.m.m.a.RequestMappingHandlerMapping : Mapped "{[/HydraDB/Host/max],methods=[GET],produces=[application/json]}" onto public java.lang.Integer io.pivotal.gemfire.toolsmiths.hydradb.HydraDBServiceEndpoint.maxHostId()
2017-11-22 09:40:49.559  INFO 456 --- [    Test worker] s.w.s.m.m.a.RequestMappingHandlerMapping : Mapped "{[/HydraDB/HydraRun/max],methods=[GET],produces=[application/json]}" onto public java.lang.Integer io.pivotal.gemfire.toolsmiths.hydradb.HydraDBServiceEndpoint.maxHydraRunId()
2017-11-22 09:40:49.559  INFO 456 --- [    Test worker] s.w.s.m.m.a.RequestMappingHandlerMapping : Mapped "{[/HydraDB/HydraRun/getById],methods=[GET],params=[id],produces=[application/json]}" onto public io.pivotal.gemfire.toolsmiths.hydradb.data.hydra.HydraRun io.pivotal.gemfire.toolsmiths.hydradb.HydraDBServiceEndpoint.getHydraRunById(java.lang.Integer)
2017-11-22 09:40:49.559  INFO 456 --- [    Test worker] s.w.s.m.m.a.RequestMappingHandlerMapping : Mapped "{[/HydraDB/HydraRun/create],methods=[GET],params=[userName && productVersion && buildId && svnRepository && svnRevision && javaVersion && javaVendor && javaHome && fullRegression && regressionType && comments && buildLocation],produces=[application/json]}" onto public io.pivotal.gemfire.toolsmiths.hydradb.data.hydra.HydraRun io.pivotal.gemfire.toolsmiths.hydradb.HydraDBServiceEndpoint.createHydraRun(java.lang.String,java.lang.String,java.lang.String,java.lang.String,java.lang.String,java.lang.String,java.lang.String,java.lang.String,java.lang.Boolean,java.lang.Integer,java.lang.String,java.lang.String)
2017-11-22 09:40:49.559  INFO 456 --- [    Test worker] s.w.s.m.m.a.RequestMappingHandlerMapping : Mapped "{[/HydraDB/HydraRun/getSet],methods=[GET],params=[list && gemfireVersion && jdk && jdkVendor && svnRevision && branch && buildUser],produces=[application/json]}" onto public java.util.Map<java.lang.Integer, io.pivotal.gemfire.toolsmiths.hydradb.data.hydra.HydraRun> io.pivotal.gemfire.toolsmiths.hydradb.HydraDBServiceEndpoint.getHydraRunSet(java.util.List<java.lang.Integer>,java.lang.String,java.lang.String,java.lang.String,int,java.lang.String,java.lang.String)
2017-11-22 09:40:49.559  INFO 456 --- [    Test worker] s.w.s.m.m.a.RequestMappingHandlerMapping : Mapped "{[/HydraDB/HydraTest/getById],methods=[GET],params=[hydraTestsuiteId],produces=[application/json]}" onto public io.pivotal.gemfire.toolsmiths.hydradb.data.hydra.HydraTest io.pivotal.gemfire.toolsmiths.hydradb.HydraDBServiceEndpoint.getHydraTestById(java.lang.Integer)
2017-11-22 09:40:49.560  INFO 456 --- [    Test worker] s.w.s.m.m.a.RequestMappingHandlerMapping : Mapped "{[/HydraDB/HydraTest/getId],methods=[GET],params=[fullTestSpec && hydraTestsuiteId],produces=[application/json]}" onto public java.lang.Integer io.pivotal.gemfire.toolsmiths.hydradb.HydraDBServiceEndpoint.getHydraTestId(java.lang.String,java.lang.Integer)
2017-11-22 09:40:49.560  INFO 456 --- [    Test worker] s.w.s.m.m.a.RequestMappingHandlerMapping : Mapped "{[/HydraDB/HydraTest/create],methods=[GET],params=[conf && fullTestSpec && hydraTestsuiteId],produces=[application/json]}" onto public java.lang.Integer io.pivotal.gemfire.toolsmiths.hydradb.HydraDBServiceEndpoint.createHydraTest(java.lang.String,java.lang.String,java.lang.Integer)
2017-11-22 09:40:49.560  INFO 456 --- [    Test worker] s.w.s.m.m.a.RequestMappingHandlerMapping : Mapped "{[/HydraDB/HydraTest/getByTestSpecAndTestsuiteId],methods=[GET],params=[conf && fullTestSpec && hydraTestsuiteId],produces=[application/json]}" onto public io.pivotal.gemfire.toolsmiths.hydradb.data.hydra.HydraTest io.pivotal.gemfire.toolsmiths.hydradb.HydraDBServiceEndpoint.getHydraTestByFullTestSpecAndHydraTestsuiteId(java.lang.String,java.lang.Integer)
2017-11-22 09:40:49.560  INFO 456 --- [    Test worker] s.w.s.m.m.a.RequestMappingHandlerMapping : Mapped "{[/HydraDB/HydraTestDetail/create],methods=[GET],params=[elapsedTime && diskStr && status && error && bugNumber && testId && testsuiteDetailId && runId && comment && tags],produces=[application/json]}" onto public io.pivotal.gemfire.toolsmiths.hydradb.data.hydra.HydraTestDetail io.pivotal.gemfire.toolsmiths.hydradb.HydraDBServiceEndpoint.createHydraTestDetail(java.lang.String,java.lang.String,java.lang.String,java.lang.String,java.lang.String,long,long,int,java.lang.String,java.lang.String)
2017-11-22 09:40:49.560  INFO 456 --- [    Test worker] s.w.s.m.m.a.RequestMappingHandlerMapping : Mapped "{[/HydraDB/HydraTestDetail/get],methods=[GET],params=[testId && testsuiteDetailId && runId],produces=[application/json]}" onto public io.pivotal.gemfire.toolsmiths.hydradb.data.hydra.HydraTestDetail io.pivotal.gemfire.toolsmiths.hydradb.HydraDBServiceEndpoint.getHydraTestDetail(long,long,int)
2017-11-22 09:40:49.560  INFO 456 --- [    Test worker] s.w.s.m.m.a.RequestMappingHandlerMapping : Mapped "{[/HydraDB/HydraTestsuite/getInfo],methods=[GET],params=[suiteId],produces=[application/json]}" onto public io.pivotal.gemfire.toolsmiths.hydradb.TestSuiteInfo io.pivotal.gemfire.toolsmiths.hydradb.HydraDBServiceEndpoint.getTestSuiteInfo(long)
2017-11-22 09:40:49.560  INFO 456 --- [    Test worker] s.w.s.m.m.a.RequestMappingHandlerMapping : Mapped "{[/HydraDB/HydraTestsuite/getInfoById],methods=[GET],params=[id],produces=[application/json]}" onto public io.pivotal.gemfire.toolsmiths.hydradb.IdAndName io.pivotal.gemfire.toolsmiths.hydradb.HydraDBServiceEndpoint.getHydraTestsuiteIdAndNameById(java.lang.Integer)
2017-11-22 09:40:49.561  INFO 456 --- [    Test worker] s.w.s.m.m.a.RequestMappingHandlerMapping : Mapped "{[/HydraDB/HydraTestsuite/getInfoByName],methods=[GET],params=[name],produces=[application/json]}" onto public io.pivotal.gemfire.toolsmiths.hydradb.IdAndName io.pivotal.gemfire.toolsmiths.hydradb.HydraDBServiceEndpoint.getHydraTestsuiteIdAndNameByName(java.lang.String)
2017-11-22 09:40:49.561  INFO 456 --- [    Test worker] s.w.s.m.m.a.RequestMappingHandlerMapping : Mapped "{[/HydraDB/HydraTestsuiteDetail/getById],methods=[GET],params=[hydraTestsuiteId],produces=[application/json]}" onto public io.pivotal.gemfire.toolsmiths.hydradb.data.hydra.HydraTestsuiteDetail io.pivotal.gemfire.toolsmiths.hydradb.HydraDBServiceEndpoint.getHydraTestsuiteDetailById(java.lang.Integer)
2017-11-22 09:40:49.561  INFO 456 --- [    Test worker] s.w.s.m.m.a.RequestMappingHandlerMapping : Mapped "{[/HydraDB/HydraTestsuiteDetail/get],methods=[GET],params=[hydraTestsuiteId && hydraRunId && hostId && date],produces=[application/json]}" onto public io.pivotal.gemfire.toolsmiths.hydradb.data.hydra.HydraTestsuiteDetail io.pivotal.gemfire.toolsmiths.hydradb.HydraDBServiceEndpoint.getHydraTestsuiteDetail(java.lang.Integer,java.lang.Integer,java.lang.Integer,java.util.Date)
2017-11-22 09:40:49.561  INFO 456 --- [    Test worker] s.w.s.m.m.a.RequestMappingHandlerMapping : Mapped "{[/HydraDB/HydraTestsuiteDetail/create],methods=[GET],params=[date && elapsedTime && diskUsage && localConf && hydraTestsuiteId && hydraRunId && hostId && comment && artifactLocation],produces=[application/json]}" onto public java.lang.Integer io.pivotal.gemfire.toolsmiths.hydradb.HydraDBServiceEndpoint.createHydraTestsuiteDetail(java.util.Date,java.lang.String,java.lang.String,java.lang.String,java.lang.Integer,java.lang.Integer,java.lang.Integer,java.lang.String,java.lang.String)
2017-11-22 09:40:49.561  INFO 456 --- [    Test worker] s.w.s.m.m.a.RequestMappingHandlerMapping : Mapped "{[/HydraDB/HydraTestsuiteDetail/create],methods=[GET],params=[id && hydraRunList],produces=[application/json]}" onto public io.pivotal.gemfire.toolsmiths.hydradb.HydraHistory io.pivotal.gemfire.toolsmiths.hydradb.HydraDBServiceEndpoint.getHydraHistoryForBatteryTest(int,java.util.Map<java.lang.Integer, io.pivotal.gemfire.toolsmiths.hydradb.data.hydra.HydraRun>)
2017-11-22 09:40:49.561  INFO 456 --- [    Test worker] s.w.s.m.m.a.RequestMappingHandlerMapping : Mapped "{[/HydraDB/sajtest],methods=[GET],produces=[application/json]}" onto private io.pivotal.gemfire.toolsmiths.hydradb.data.hydra.HydraRun io.pivotal.gemfire.toolsmiths.hydradb.HydraDBServiceEndpoint.doit(org.springframework.web.client.RestTemplate)
2017-11-22 09:40:49.563  INFO 456 --- [    Test worker] s.w.s.m.m.a.RequestMappingHandlerMapping : Mapped "{[/error]}" onto public org.springframework.http.ResponseEntity<java.util.Map<java.lang.String, java.lang.Object>> org.springframework.boot.autoconfigure.web.BasicErrorController.error(javax.servlet.http.HttpServletRequest)
2017-11-22 09:40:49.563  INFO 456 --- [    Test worker] s.w.s.m.m.a.RequestMappingHandlerMapping : Mapped "{[/error],produces=[text/html]}" onto public org.springframework.web.servlet.ModelAndView org.springframework.boot.autoconfigure.web.BasicErrorController.errorHtml(javax.servlet.http.HttpServletRequest,javax.servlet.http.HttpServletResponse)
2017-11-22 09:40:49.590  INFO 456 --- [    Test worker] s.w.s.m.m.a.RequestMappingHandlerAdapter : Looking for @ControllerAdvice: org.springframework.boot.context.embedded.AnnotationConfigEmbeddedWebApplicationContext@370da6e0: startup date [Wed Nov 22 09:40:48 PST 2017]; root of context hierarchy
2017-11-22 09:40:49.691  INFO 456 --- [    Test worker] s.b.c.e.t.TomcatEmbeddedServletContainer : Tomcat started on port(s): 53949 (http)
2017-11-22 09:40:49.692  INFO 456 --- [    Test worker] i.p.g.toolsmiths.hydradb.HydraRunTest    : Started HydraRunTest in 0.754 seconds (JVM running for 10.289)
2017-11-22 09:40:49.703  INFO 456 --- [o-auto-5-exec-1] o.a.c.c.C.[Tomcat].[localhost].[/]       : Initializing Spring FrameworkServlet 'dispatcherServlet'
2017-11-22 09:40:49.704  INFO 456 --- [o-auto-5-exec-1] o.s.web.servlet.DispatcherServlet        : FrameworkServlet 'dispatcherServlet': initialization started
2017-11-22 09:40:49.710  INFO 456 --- [o-auto-5-exec-1] o.s.web.servlet.DispatcherServlet        : FrameworkServlet 'dispatcherServlet': initialization completed in 6 ms
Hibernate: INSERT INTO HYDRA_RUN(user_name, product_version, build_id, svn_repository, svn_revision, java_version, java_vendor, java_home, full_regression, regression_type, comments, build_location) VALUES (?,?,?,?,?,?,?,?,?,?,?,?)
Hibernate: select hydrarun0_.id as id1_1_, hydrarun0_.build_id as build_id2_1_, hydrarun0_.build_location as build_lo3_1_, hydrarun0_.comments as comments4_1_, hydrarun0_.date as date5_1_, hydrarun0_.full_regression as full_reg6_1_, hydrarun0_.java_home as java_hom7_1_, hydrarun0_.java_vendor as java_ven8_1_, hydrarun0_.java_version as java_ver9_1_, hydrarun0_.product_version as product10_1_, hydrarun0_.regression_type as regress11_1_, hydrarun0_.svn_repository as svn_rep12_1_, hydrarun0_.svn_revision as svn_rev13_1_, hydrarun0_.user_name as user_na14_1_ from hydra_run hydrarun0_ where hydrarun0_.user_name=? and hydrarun0_.product_version=? and hydrarun0_.build_id=? and hydrarun0_.svn_repository=? and hydrarun0_.svn_revision=? and hydrarun0_.java_version=? and hydrarun0_.java_vendor=?
Hibernate: select hydrarun0_.id as id1_1_, hydrarun0_.build_id as build_id2_1_, hydrarun0_.build_location as build_lo3_1_, hydrarun0_.comments as comments4_1_, hydrarun0_.date as date5_1_, hydrarun0_.full_regression as full_reg6_1_, hydrarun0_.java_home as java_hom7_1_, hydrarun0_.java_vendor as java_ven8_1_, hydrarun0_.java_version as java_ver9_1_, hydrarun0_.product_version as product10_1_, hydrarun0_.regression_type as regress11_1_, hydrarun0_.svn_repository as svn_rep12_1_, hydrarun0_.svn_revision as svn_rev13_1_, hydrarun0_.user_name as user_na14_1_ from hydra_run hydrarun0_ where hydrarun0_.user_name=? and hydrarun0_.product_version=? and hydrarun0_.build_id=? and hydrarun0_.svn_repository=? and hydrarun0_.svn_revision=? and hydrarun0_.java_version=? and hydrarun0_.java_vendor=?
2017-11-22 09:40:49.791  INFO 456 --- [    Test worker] i.p.g.toolsmiths.hydradb.HydraRunTest    : SAJSAJ: io.pivotal.gemfire.toolsmiths.hydradb.data.hydra.HydraRun@1248176d[id=1,userName=geode,productVersion=8.2.3,buildId=geode-94a83b259ec1ea64c111c4646353973b78d4d8f2,svnRepository=support/8.2,svnRevision=94a83b259ec1ea64c111c4646353973b78d4d8f2,javaVersion=1.8.0_112,javaVendor=Java HotSpot(TM) 64-Bit Server VM (build 25.112-b15, mixed //mode),javaHome=/var/vcap/data/jdk/jdk1.8.0_112/bin/java,date=2017-11-22 00:00:00.0,fullRegression=<null>,regressionType=2,comments="",buildLocation=/var/vcap/data/gemfire-build/Linux/snapshots.18371]
2017-11-22 09:40:49.791  INFO 456 --- [    Test worker] ationConfigEmbeddedWebApplicationContext : Closing org.springframework.boot.context.embedded.AnnotationConfigEmbeddedWebApplicationContext@370da6e0: startup date [Wed Nov 22 09:40:48 PST 2017]; root of context hierarchy
2017-11-22 09:40:49.793  INFO 456 --- [    Test worker] j.LocalContainerEntityManagerFactoryBean : Closing JPA EntityManagerFactory for persistence unit 'default'
2017-11-22 09:40:49.793  INFO 456 --- [    Test worker] org.hibernate.tool.hbm2ddl.SchemaExport  : HHH000227: Running hbm2ddl schema export
Hibernate: drop table host if exists
Hibernate: drop table hydra_run if exists
Hibernate: drop table hydra_test if exists
Hibernate: drop table hydra_test_detail if exists
Hibernate: drop table hydra_testsuite if exists
Hibernate: drop table hydra_testsuite_detail if exists
2017-11-22 09:40:49.794  INFO 456 --- [    Test worker] org.hibernate.tool.hbm2ddl.SchemaExport  : HHH000230: Schema export complete
]]></system-out>
  <system-err><![CDATA[]]></system-err>
</testsuite>
